Build started 2014-09-22 23:20:43.
     1>Project "C:\Users\Paweł\mgr\FloydWarshall\FloydWarshall.vcxproj" on node 2 (Build target(s)).
     1>Link:
         C:\Program Files (x86)\Microsoft Visual Studio 12.0\VC\bin\link.exe /ERRORREPORT:PROMPT /OUT:"C:\Users\Paweł\mgr\Debug\FloydWarshall.exe" /INCREMENTAL /NOLOGO kernel32.lib user32.lib gdi32.lib winspool.lib comdlg32.lib advapi32.lib shell32.lib ole32.lib oleaut32.lib uuid.lib odbc32.lib odbccp32.lib /MANIFEST /MANIFESTUAC:"level='asInvoker' uiAccess='false'" /manifest:embed /DEBUG /PDB:"C:\Users\Paweł\mgr\Debug\FloydWarshall.pdb" /TLBID:1 /DYNAMICBASE /NXCOMPAT /IMPLIB:"C:\Users\Paweł\mgr\Debug\FloydWarshall.lib" /MACHINE:X86 Debug\file_reader_writer.obj
         Debug\floyd_warshall_open_mp.obj
         Debug\graph_generator.obj
         Debug\main.obj
         Debug\settings.obj
     1>file_reader_writer.obj : error LNK2019: unresolved external symbol _snprintf referenced in function _prepare_line_to_write
     1>C:\Users\Paweł\mgr\Debug\FloydWarshall.exe : fatal error LNK1120: 1 unresolved externals
     1>Done Building Project "C:\Users\Paweł\mgr\FloydWarshall\FloydWarshall.vcxproj" (Build target(s)) -- FAILED.

Build FAILED.

Time Elapsed 00:00:00.25
